<?xml version="1.0" encoding="UTF-8"?>
<!-- Generated by org.testng.reporters.JUnitReportReporter -->
<testsuite hostname="DESKTOP-7PI3VO8" failures="0" tests="1" name="com.automation.test.LaunchTest" time="22.188" errors="0" timestamp="2022-07-28T00:58:15 IST" skipped="0">
  <testcase classname="com.automation.test.LaunchTest" name="launchTest" time="22.188"/>
  <system-out/>
</testsuite> <!-- com.automation.test.LaunchTest -->
