<?xml version="1.0" encoding="UTF-8"?>
<!-- Generated by org.testng.reporters.JUnitReportReporter -->
<testsuite hostname="DESKTOP-7PI3VO8" failures="0" tests="1" name="com.automation.pages.LoginPage" time="8.098" errors="0" timestamp="2022-07-27T23:52:49 IST" skipped="0">
  <testcase classname="com.automation.pages.LoginPage" name="launchTest" time="8.098"/>
  <system-out/>
</testsuite> <!-- com.automation.pages.LoginPage -->
