<?xml version="1.0" encoding="UTF-8"?>
<!-- Generated by org.testng.reporters.JUnitReportReporter -->
<testsuite hostname="DESKTOP-7PI3VO8" failures="0" tests="1" name="com.automation.test.LoginTest" time="40.977" errors="0" timestamp="2022-08-11T00:30:57 IST" skipped="0">
  <testcase classname="com.automation.test.LoginTest" name="launchTest" time="40.977"/>
  <system-out/>
</testsuite> <!-- com.automation.test.LoginTest -->
